(/bin/ls from entry)

bytes:

(gdb) x/64b 0x404ce8
0x404ce8:       0x31    0xed    0x49    0x89    0xd1    0x5e    0x48    0x89
0x404cf0:       0xe2    0x48    0x83    0xe4    0xf0    0x50    0x54    0x49
0x404cf8:       0xc7    0xc0    0x20    0x24    0x41    0x00    0x48    0xc7
0x404d00:       0xc1    0x90    0x23    0x41    0x00    0x48    0xc7    0xc7
0x404d08:       0x50    0x2d    0x40    0x00    0xe8    0x9f    0xdc    0xff
0x404d10:       0xff    0xf4    0x66    0x90    0x66    0x2e    0x0f    0x1f
0x404d18:       0x84    0x00    0x00    0x00    0x00    0x00    0x66    0x90
0x404d20:       0xb8    0xe7    0xb5    0x61    0x00    0x55    0x48    0x2d

at&t disas:

=> 0x0000000000404ce8:  xor    %ebp,%ebp
   0x0000000000404cea:  mov    %rdx,%r9
   0x0000000000404ced:  pop    %rsi
   0x0000000000404cee:  mov    %rsp,%rdx
   0x0000000000404cf1:  and    $0xfffffffffffffff0,%rsp
   0x0000000000404cf5:  push   %rax
   0x0000000000404cf6:  push   %rsp
   0x0000000000404cf7:  mov    $0x412420,%r8
   0x0000000000404cfe:  mov    $0x412390,%rcx
   0x0000000000404d05:  mov    $0x402d50,%rdi
   0x0000000000404d0c:  callq  0x4029b0 <__libc_start_main@plt>0x50    0x2d    0x40    0x00
   0x0000000000404d11:  hlt    
   0x0000000000404d12:  xchg   %ax,%ax
   0x0000000000404d14:  nopw   %cs:0x0(%rax,%rax,1)
   0x0000000000404d1e:  xchg   %ax,%ax
   0x0000000000404d20:  mov    $0x61b5e7,%eax
   0x0000000000404d25:  push   %rbp
   0x0000000000404d26:  sub    $0x61b5e0,%rax

intel disas:

=> 0x0000000000404ce8:  xor    ebp,ebp
   0x0000000000404cea:  mov    r9,rdx
   0x0000000000404ced:  pop    rsi
   0x0000000000404cee:  mov    rdx,rsp
   0x0000000000404cf1:  and    rsp,0xfffffffffffffff0
   0x0000000000404cf5:  push   rax
   0x0000000000404cf6:  push   rsp
   0x0000000000404cf7:  mov    r8,0x412420
   0x0000000000404cfe:  mov    rcx,0x412390
   0x0000000000404d05:  mov    rdi,0x402d50
   0x0000000000404d0c:  call   0x4029b0 <__libc_start_main@plt>
   0x0000000000404d11:  hlt    
   0x0000000000404d12:  xchg   ax,ax
   0x0000000000404d14:  nop    WORD PTR cs:[rax+rax*1+0x0]
   0x0000000000404d1e:  xchg   ax,ax
   0x0000000000404d20:  mov    eax,0x61b5e7
   0x0000000000404d25:  push   rbp
   0x0000000000404d26:  sub    rax,0x61b5e0

